Base path: E:/Unity/Editor/Data
Cmd: initializeCompiler
Cmd: compileComputeKernel
  api=4 insize=2863 outsize=48145 ok=1
Cmd: compileComputeKernel
  api=4 insize=11176 outsize=9693 ok=1
Cmd: compileComputeKernel
  api=4 insize=5022 outsize=4101 ok=1
Cmd: compileComputeKernel
  api=4 insize=3532 outsize=2581 ok=1
Cmd: compileComputeKernel
  api=4 insize=18731 outsize=8545 ok=1
Cmd: initializeCompiler
Cmd: initializeCompiler
Cmd: initializeCompiler
Cmd: initializeCompiler
Cmd: initializeCompiler
Cmd: initializeCompiler
Cmd: initializeCompiler
Cmd: initializeCompiler
Cmd: initializeCompiler
Cmd: initializeCompiler
Cmd: initializeCompiler
Cmd: initializeCompiler
Cmd: initializeCompiler
Cmd: initializeCompiler
Cmd: initializeCompiler
Cmd: initializeCompiler
Unhandled exception: Protocol error - unexpected end of data (did the Editor crash?)

Quitting shader compiler process
